Fri Aug 20 12:11:34 UTC 2021 - Executing "openroad -python /openLANE_flow/scripts/extract_metal_layers.py -t /home/balakrishna/Desktop/vsdflow/work/tools/openlane_working_dir/openlane/pdks/sky130A/libs.ref/sky130_fd_sc_hd/techlef/sky130_fd_sc_hd.tlef -o /openLANE_flow/designs/dvsd_cmp/runs/vanshika_4bit_magnitude_comparator/tmp/met_layers_list.txt"

Fri Aug 20 12:11:36 UTC 2021 - Executing "/openLANE_flow/scripts/mergeLef.py -i /home/balakrishna/Desktop/vsdflow/work/tools/openlane_working_dir/openlane/pdks/sky130A/libs.ref/sky130_fd_sc_hd/techlef/sky130_fd_sc_hd.tlef {/home/balakrishna/Desktop/vsdflow/work/tools/openlane_working_dir/openlane/pdks/sky130A/libs.ref/sky130_fd_sc_hd/lef/sky130_ef_sc_hd__fill_8.lef /home/balakrishna/Desktop/vsdflow/work/tools/openlane_working_dir/openlane/pdks/sky130A/libs.ref/sky130_fd_sc_hd/lef/sky130_fd_sc_hd.lef /home/balakrishna/Desktop/vsdflow/work/tools/openlane_working_dir/openlane/pdks/sky130A/libs.ref/sky130_fd_sc_hd/lef/sky130_ef_sc_hd__fakediode_2.lef /home/balakrishna/Desktop/vsdflow/work/tools/openlane_working_dir/openlane/pdks/sky130A/libs.ref/sky130_fd_sc_hd/lef/sky130_ef_sc_hd__fill_12.lef /home/balakrishna/Desktop/vsdflow/work/tools/openlane_working_dir/openlane/pdks/sky130A/libs.ref/sky130_fd_sc_hd/lef/sky130_ef_sc_hd__decap_12.lef} -o /openLANE_flow/designs/dvsd_cmp/runs/vanshika_4bit_magnitude_comparator/tmp/merged_unpadded.lef |& tee >&@stdout"

Fri Aug 20 12:11:36 UTC 2021 - Executing "/openLANE_flow/scripts/libtrim.pl /home/balakrishna/Desktop/vsdflow/work/tools/openlane_working_dir/openlane/pdks/sky130A/libs.ref/sky130_fd_sc_hd/lib/sky130_fd_sc_hd__tt_025C_1v80.lib /openLANE_flow/designs/dvsd_cmp/runs/vanshika_4bit_magnitude_comparator/tmp/trimmed.lib.exclude.list > /openLANE_flow/designs/dvsd_cmp/runs/vanshika_4bit_magnitude_comparator/tmp/trimmed.lib"

Fri Aug 20 12:11:37 UTC 2021 - Executing "openroad -python /openLANE_flow/scripts/new_tracks.py -i /home/balakrishna/Desktop/vsdflow/work/tools/openlane_working_dir/openlane/pdks/sky130A/libs.tech/openlane/sky130_fd_sc_hd/tracks.info -o /openLANE_flow/designs/dvsd_cmp/runs/vanshika_4bit_magnitude_comparator/tmp/config.tracks"

Fri Aug 20 12:11:38 UTC 2021 - Executing "echo {openlane 2021.08.19_04.19.49} > /openLANE_flow/designs/dvsd_cmp/runs/vanshika_4bit_magnitude_comparator/OPENLANE_VERSION"

Fri Aug 20 12:11:38 UTC 2021 - Executing "sed -E {s/^([[:space:]]+)pg_pin(.*)/\1pin\2\n\1    direction : "inout";/g} /home/balakrishna/Desktop/vsdflow/work/tools/openlane_working_dir/openlane/pdks/sky130A/libs.ref/sky130_fd_sc_hd/lib/sky130_fd_sc_hd__tt_025C_1v80.lib > /openLANE_flow/designs/dvsd_cmp/runs/vanshika_4bit_magnitude_comparator/tmp/sky130_fd_sc_hd__tt_025C_1v80.no_pg.lib"

Fri Aug 20 12:11:39 UTC 2021 - Executing "yosys -c /openLANE_flow/scripts/synth.tcl -l /openLANE_flow/designs/dvsd_cmp/runs/vanshika_4bit_magnitude_comparator/logs/synthesis/1-yosys.log |& tee >&@stdout"

Fri Aug 20 12:11:41 UTC 2021 - Executing "sed -i -e {s/\(set ::env(CURRENT_NETLIST)\).*/\1 \/openLANE_flow\/designs\/dvsd_cmp\/runs\/vanshika_4bit_magnitude_comparator\/results\/synthesis\/dvsd_cmp.synthesis.v/} /openLANE_flow/designs/dvsd_cmp/runs/vanshika_4bit_magnitude_comparator/config.tcl"

Fri Aug 20 12:11:41 UTC 2021 - Executing "sed -i -e {s/\(set ::env(PREV_NETLIST)\).*/\1 0/} /openLANE_flow/designs/dvsd_cmp/runs/vanshika_4bit_magnitude_comparator/config.tcl"

Fri Aug 20 12:11:41 UTC 2021 - Executing "sed -i /defparam/d /openLANE_flow/designs/dvsd_cmp/runs/vanshika_4bit_magnitude_comparator/results/synthesis/dvsd_cmp.synthesis.v"

Fri Aug 20 12:11:41 UTC 2021 - Executing "openroad -exit /openLANE_flow/scripts/sta.tcl |& tee >&@stdout /openLANE_flow/designs/dvsd_cmp/runs/vanshika_4bit_magnitude_comparator/logs/synthesis/2-opensta"

Fri Aug 20 12:11:44 UTC 2021 - Executing "openroad -exit /openLANE_flow/scripts/openroad/or_floorplan.tcl |& tee >&@stdout /openLANE_flow/designs/dvsd_cmp/runs/vanshika_4bit_magnitude_comparator/logs/floorplan/3-verilog2def.openroad.log"

Fri Aug 20 12:11:46 UTC 2021 - Executing "openroad -exit /openLANE_flow/scripts/openroad/or_ioplacer.tcl |& tee >&@stdout /openLANE_flow/designs/dvsd_cmp/runs/vanshika_4bit_magnitude_comparator/logs/floorplan/4-ioPlacer.log"

Fri Aug 20 12:11:48 UTC 2021 - Executing "openroad -exit /openLANE_flow/scripts/openroad/or_tapcell.tcl |& tee >&@stdout /openLANE_flow/designs/dvsd_cmp/runs/vanshika_4bit_magnitude_comparator/logs/floorplan/5-tapcell.log"

Fri Aug 20 12:11:49 UTC 2021 - Executing "openroad -exit /openLANE_flow/scripts/openroad/or_pdn.tcl |& tee >&@stdout /openLANE_flow/designs/dvsd_cmp/runs/vanshika_4bit_magnitude_comparator/logs/floorplan/6-pdn.log"

Fri Aug 20 12:11:51 UTC 2021 - Executing "openroad -exit /openLANE_flow/scripts/openroad/or_replace.tcl |& tee >&@stdout /openLANE_flow/designs/dvsd_cmp/runs/vanshika_4bit_magnitude_comparator/logs/placement/7-replace.log"

Fri Aug 20 12:11:55 UTC 2021 - Executing "openroad -exit /openLANE_flow/scripts/openroad/or_resizer.tcl |& tee >&@stdout /openLANE_flow/designs/dvsd_cmp/runs/vanshika_4bit_magnitude_comparator/logs/placement/7-resizer.log"

Fri Aug 20 12:11:57 UTC 2021 - Executing "openroad -exit /openLANE_flow/scripts/openroad/or_write_verilog.tcl |& tee >&@stdout /openLANE_flow/designs/dvsd_cmp/runs/vanshika_4bit_magnitude_comparator/logs/8-write_verilog.log"

Fri Aug 20 12:11:59 UTC 2021 - Executing "sed -i -e {s/\(set ::env(CURRENT_NETLIST)\).*/\1 \/openLANE_flow\/designs\/dvsd_cmp\/runs\/vanshika_4bit_magnitude_comparator\/results\/synthesis\/dvsd_cmp.synthesis_optimized.v/} /openLANE_flow/designs/dvsd_cmp/runs/vanshika_4bit_magnitude_comparator/config.tcl"

Fri Aug 20 12:11:59 UTC 2021 - Executing "sed -i -e {s/\(set ::env(PREV_NETLIST)\).*/\1 \/openLANE_flow\/designs\/dvsd_cmp\/runs\/vanshika_4bit_magnitude_comparator\/results\/synthesis\/dvsd_cmp.synthesis.v/} /openLANE_flow/designs/dvsd_cmp/runs/vanshika_4bit_magnitude_comparator/config.tcl"

Fri Aug 20 12:11:59 UTC 2021 - Executing "openroad -exit /openLANE_flow/scripts/sta.tcl |& tee >&@stdout /openLANE_flow/designs/dvsd_cmp/runs/vanshika_4bit_magnitude_comparator/logs/synthesis/9-opensta_post_resizer"

Fri Aug 20 12:12:02 UTC 2021 - Executing "openroad -exit /openLANE_flow/scripts/openroad/or_opendp.tcl |& tee >&@stdout /openLANE_flow/designs/dvsd_cmp/runs/vanshika_4bit_magnitude_comparator/logs/placement/10-opendp.log"

Fri Aug 20 12:12:04 UTC 2021 - Executing "/openLANE_flow/scripts/libtrim.pl /home/balakrishna/Desktop/vsdflow/work/tools/openlane_working_dir/openlane/pdks/sky130A/libs.ref/sky130_fd_sc_hd/lib/sky130_fd_sc_hd__tt_025C_1v80.lib /openLANE_flow/designs/dvsd_cmp/runs/vanshika_4bit_magnitude_comparator/tmp/cts.lib.exclude.list > /openLANE_flow/designs/dvsd_cmp/runs/vanshika_4bit_magnitude_comparator/tmp/cts.lib"

Fri Aug 20 12:12:04 UTC 2021 - Executing "openroad -exit /openLANE_flow/scripts/openroad/or_cts.tcl |& tee >&@stdout /openLANE_flow/designs/dvsd_cmp/runs/vanshika_4bit_magnitude_comparator/logs/cts/11-cts.log"

Fri Aug 20 12:13:50 UTC 2021 - Executing "openroad -exit /openLANE_flow/scripts/openroad/or_write_verilog.tcl |& tee >&@stdout /openLANE_flow/designs/dvsd_cmp/runs/vanshika_4bit_magnitude_comparator/logs/12-write_verilog.log"

Fri Aug 20 12:13:51 UTC 2021 - Executing "sed -i -e {s/\(set ::env(CURRENT_NETLIST)\).*/\1 \/openLANE_flow\/designs\/dvsd_cmp\/runs\/vanshika_4bit_magnitude_comparator\/results\/synthesis\/dvsd_cmp.synthesis_cts.v/} /openLANE_flow/designs/dvsd_cmp/runs/vanshika_4bit_magnitude_comparator/config.tcl"

Fri Aug 20 12:13:51 UTC 2021 - Executing "sed -i -e {s/\(set ::env(PREV_NETLIST)\).*/\1 \/openLANE_flow\/designs\/dvsd_cmp\/runs\/vanshika_4bit_magnitude_comparator\/results\/synthesis\/dvsd_cmp.synthesis_optimized.v/} /openLANE_flow/designs/dvsd_cmp/runs/vanshika_4bit_magnitude_comparator/config.tcl"

Fri Aug 20 12:13:51 UTC 2021 - Executing "openroad -exit /openLANE_flow/scripts/openroad/or_resizer_timing.tcl |& tee >&@stdout /openLANE_flow/designs/dvsd_cmp/runs/vanshika_4bit_magnitude_comparator/logs/placement/12-resizer_timing.log"

Fri Aug 20 12:13:53 UTC 2021 - Executing "openroad -exit /openLANE_flow/scripts/openroad/or_write_verilog.tcl |& tee >&@stdout /openLANE_flow/designs/dvsd_cmp/runs/vanshika_4bit_magnitude_comparator/logs/13-write_verilog.log"

Fri Aug 20 12:13:55 UTC 2021 - Executing "sed -i -e {s/\(set ::env(CURRENT_NETLIST)\).*/\1 \/openLANE_flow\/designs\/dvsd_cmp\/runs\/vanshika_4bit_magnitude_comparator\/results\/synthesis\/dvsd_cmp.synthesis_optimized.v/} /openLANE_flow/designs/dvsd_cmp/runs/vanshika_4bit_magnitude_comparator/config.tcl"

Fri Aug 20 12:13:55 UTC 2021 - Executing "sed -i -e {s/\(set ::env(PREV_NETLIST)\).*/\1 \/openLANE_flow\/designs\/dvsd_cmp\/runs\/vanshika_4bit_magnitude_comparator\/results\/synthesis\/dvsd_cmp.synthesis_cts.v/} /openLANE_flow/designs/dvsd_cmp/runs/vanshika_4bit_magnitude_comparator/config.tcl"

Fri Aug 20 12:13:55 UTC 2021 - Executing "openroad -exit /openLANE_flow/scripts/sta.tcl |& tee >&@stdout /openLANE_flow/designs/dvsd_cmp/runs/vanshika_4bit_magnitude_comparator/logs/synthesis/14-opensta_post_resizer_timing"

Fri Aug 20 12:13:58 UTC 2021 - Executing "openroad -exit /openLANE_flow/scripts/openroad/or_groute.tcl |& tee >&@stdout /openLANE_flow/designs/dvsd_cmp/runs/vanshika_4bit_magnitude_comparator/logs/routing/15-fastroute.log"

Fri Aug 20 12:14:02 UTC 2021 - Executing "openroad -exit /openLANE_flow/scripts/openroad/or_fill.tcl |& tee >&@stdout /openLANE_flow/designs/dvsd_cmp/runs/vanshika_4bit_magnitude_comparator/logs/routing/16-addspacers.log"

Fri Aug 20 12:14:04 UTC 2021 - Executing "openroad -exit /openLANE_flow/scripts/openroad/or_write_verilog.tcl |& tee >&@stdout /openLANE_flow/designs/dvsd_cmp/runs/vanshika_4bit_magnitude_comparator/logs/17-write_verilog.log"

Fri Aug 20 12:14:05 UTC 2021 - Executing "sed -i -e {s/\(set ::env(CURRENT_NETLIST)\).*/\1 \/openLANE_flow\/designs\/dvsd_cmp\/runs\/vanshika_4bit_magnitude_comparator\/results\/synthesis\/dvsd_cmp.synthesis_preroute.v/} /openLANE_flow/designs/dvsd_cmp/runs/vanshika_4bit_magnitude_comparator/config.tcl"

Fri Aug 20 12:14:05 UTC 2021 - Executing "sed -i -e {s/\(set ::env(PREV_NETLIST)\).*/\1 \/openLANE_flow\/designs\/dvsd_cmp\/runs\/vanshika_4bit_magnitude_comparator\/results\/synthesis\/dvsd_cmp.synthesis_optimized.v/} /openLANE_flow/designs/dvsd_cmp/runs/vanshika_4bit_magnitude_comparator/config.tcl"

Fri Aug 20 12:14:05 UTC 2021 - Executing "envsubst < /openLANE_flow/scripts/tritonRoute.param > /openLANE_flow/designs/dvsd_cmp/runs/vanshika_4bit_magnitude_comparator/tmp/routing/18-tritonRoute.param"

Fri Aug 20 12:14:05 UTC 2021 - Executing "openroad -exit /openLANE_flow/scripts/openroad/or_droute.tcl |& tee >&@stdout /openLANE_flow/designs/dvsd_cmp/runs/vanshika_4bit_magnitude_comparator/logs/routing/18-tritonRoute.log"

Fri Aug 20 12:14:09 UTC 2021 - Executing "openroad -python /openLANE_flow/scripts/tr2klayout.py -i /openLANE_flow/designs/dvsd_cmp/runs/vanshika_4bit_magnitude_comparator/reports/routing/18-tritonRoute.drc -o /openLANE_flow/designs/dvsd_cmp/runs/vanshika_4bit_magnitude_comparator/reports/routing/18-tritonRoute.klayout.xml --design-name dvsd_cmp"

Fri Aug 20 12:14:11 UTC 2021 - Executing "openroad -python /openLANE_flow/scripts/spef_extractor/main.py -l /openLANE_flow/designs/dvsd_cmp/runs/vanshika_4bit_magnitude_comparator/tmp/merged_unpadded.lef -d /openLANE_flow/designs/dvsd_cmp/runs/vanshika_4bit_magnitude_comparator/results/routing/17-dvsd_cmp.def -mw L -ec 1 |& tee >&@stdout /openLANE_flow/designs/dvsd_cmp/runs/vanshika_4bit_magnitude_comparator/logs/routing/19-spef_extraction.log"

Fri Aug 20 12:14:13 UTC 2021 - Executing "openroad -exit /openLANE_flow/scripts/sta.tcl |& tee >&@stdout /openLANE_flow/designs/dvsd_cmp/runs/vanshika_4bit_magnitude_comparator/logs/synthesis/20-opensta_spef"

Fri Aug 20 12:14:17 UTC 2021 - Executing "openroad -python /openLANE_flow/scripts/write_powered_def.py -d /openLANE_flow/designs/dvsd_cmp/runs/vanshika_4bit_magnitude_comparator/results/routing/17-dvsd_cmp.def -l /openLANE_flow/designs/dvsd_cmp/runs/vanshika_4bit_magnitude_comparator/tmp/merged.lef --power-port VPWR --ground-port VGND --powered-netlist {} -o /openLANE_flow/designs/dvsd_cmp/runs/vanshika_4bit_magnitude_comparator/tmp/routing/21-dvsd_cmp.powered.def |& tee >&@stdout /openLANE_flow/designs/dvsd_cmp/runs/vanshika_4bit_magnitude_comparator/logs/lvs/21-write_powered_verilog.log"

Fri Aug 20 12:14:18 UTC 2021 - Executing "openroad -exit /openLANE_flow/scripts/openroad/or_write_verilog.tcl |& tee >&@stdout /openLANE_flow/designs/dvsd_cmp/runs/vanshika_4bit_magnitude_comparator/logs/22-write_verilog.log"

Fri Aug 20 12:14:20 UTC 2021 - Executing "sed -i -e {s/\(set ::env(CURRENT_NETLIST)\).*/\1 \/openLANE_flow\/designs\/dvsd_cmp\/runs\/vanshika_4bit_magnitude_comparator\/results\/lvs\/dvsd_cmp.lvs.powered.v/} /openLANE_flow/designs/dvsd_cmp/runs/vanshika_4bit_magnitude_comparator/config.tcl"

Fri Aug 20 12:14:20 UTC 2021 - Executing "sed -i -e {s/\(set ::env(PREV_NETLIST)\).*/\1 \/openLANE_flow\/designs\/dvsd_cmp\/runs\/vanshika_4bit_magnitude_comparator\/results\/synthesis\/dvsd_cmp.synthesis_preroute.v/} /openLANE_flow/designs/dvsd_cmp/runs/vanshika_4bit_magnitude_comparator/config.tcl"

Fri Aug 20 12:14:20 UTC 2021 - Executing "magic -noconsole -dnull -rcfile /home/balakrishna/Desktop/vsdflow/work/tools/openlane_working_dir/openlane/pdks/sky130A/libs.tech/magic/sky130A.magicrc /openLANE_flow/scripts/magic/mag_gds.tcl </dev/null |& tee >&@stdout /openLANE_flow/designs/dvsd_cmp/runs/vanshika_4bit_magnitude_comparator/logs/magic/23-magic.log"

Fri Aug 20 12:14:21 UTC 2021 - Executing "magic -noconsole -dnull -rcfile /home/balakrishna/Desktop/vsdflow/work/tools/openlane_working_dir/openlane/pdks/sky130A/libs.tech/magic/sky130A.magicrc /openLANE_flow/scripts/magic/gds_pointers.tcl </dev/null |& tee >&@stdout /openLANE_flow/designs/dvsd_cmp/runs/vanshika_4bit_magnitude_comparator/logs/magic/24-magic.mag.gds_ptrs.log"

Fri Aug 20 12:14:21 UTC 2021 - Executing "sed -i -n {/^<< properties >>/,/^<< end >>/p} /openLANE_flow/designs/dvsd_cmp/runs/vanshika_4bit_magnitude_comparator/tmp/magic/magic_gds_ptrs.mag"

Fri Aug 20 12:14:21 UTC 2021 - Executing "magic -noconsole -dnull -rcfile /home/balakrishna/Desktop/vsdflow/work/tools/openlane_working_dir/openlane/pdks/sky130A/libs.tech/magic/sky130A.magicrc /openLANE_flow/scripts/magic/lef.tcl </dev/null |& tee >&@stdout /openLANE_flow/designs/dvsd_cmp/runs/vanshika_4bit_magnitude_comparator/logs/magic/25-magic.lef.log"

Fri Aug 20 12:14:22 UTC 2021 - Executing "magic -noconsole -dnull -rcfile /home/balakrishna/Desktop/vsdflow/work/tools/openlane_working_dir/openlane/pdks/sky130A/libs.tech/magic/sky130A.magicrc /openLANE_flow/scripts/magic/maglef.tcl </dev/null |& tee >&@stdout /openLANE_flow/designs/dvsd_cmp/runs/vanshika_4bit_magnitude_comparator/logs/magic/26-magic.maglef.log"

Fri Aug 20 12:14:23 UTC 2021 - Executing "bash /openLANE_flow/scripts/klayout/def2gds.sh /home/balakrishna/Desktop/vsdflow/work/tools/openlane_working_dir/openlane/pdks/sky130A/libs.tech/klayout/sky130A.lyt /openLANE_flow/designs/dvsd_cmp/runs/vanshika_4bit_magnitude_comparator/results/routing/17-dvsd_cmp.def dvsd_cmp /openLANE_flow/designs/dvsd_cmp/runs/vanshika_4bit_magnitude_comparator/results/klayout/dvsd_cmp.gds {/home/balakrishna/Desktop/vsdflow/work/tools/openlane_working_dir/openlane/pdks/sky130A/libs.ref/sky130_fd_sc_hd/gds/sky130_ef_sc_hd__fakediode_2.gds /home/balakrishna/Desktop/vsdflow/work/tools/openlane_working_dir/openlane/pdks/sky130A/libs.ref/sky130_fd_sc_hd/gds/sky130_fd_sc_hd.gds /home/balakrishna/Desktop/vsdflow/work/tools/openlane_working_dir/openlane/pdks/sky130A/libs.ref/sky130_fd_sc_hd/gds/sky130_ef_sc_hd__fill_8.gds /home/balakrishna/Desktop/vsdflow/work/tools/openlane_working_dir/openlane/pdks/sky130A/libs.ref/sky130_fd_sc_hd/gds/sky130_ef_sc_hd__fill_12.gds /home/balakrishna/Desktop/vsdflow/work/tools/openlane_working_dir/openlane/pdks/sky130A/libs.ref/sky130_fd_sc_hd/gds/sky130_ef_sc_hd__fill_4.gds /home/balakrishna/Desktop/vsdflow/work/tools/openlane_working_dir/openlane/pdks/sky130A/libs.ref/sky130_fd_sc_hd/gds/sky130_ef_sc_hd__decap_12.gds } |& tee >&@stdout /openLANE_flow/designs/dvsd_cmp/runs/vanshika_4bit_magnitude_comparator/logs/klayout/27-klayout.log"

Fri Aug 20 12:14:27 UTC 2021 - Executing "bash /openLANE_flow/scripts/klayout/xor.sh /openLANE_flow/designs/dvsd_cmp/runs/vanshika_4bit_magnitude_comparator/results/magic/dvsd_cmp.gds /openLANE_flow/designs/dvsd_cmp/runs/vanshika_4bit_magnitude_comparator/results/klayout/dvsd_cmp.gds dvsd_cmp /openLANE_flow/designs/dvsd_cmp/runs/vanshika_4bit_magnitude_comparator/results/klayout/dvsd_cmp.xor.gds |& tee >&@stdout /openLANE_flow/designs/dvsd_cmp/runs/vanshika_4bit_magnitude_comparator/logs/klayout/28-klayout.xor.log"

Fri Aug 20 12:14:30 UTC 2021 - Executing "openroad -python /openLANE_flow/scripts/parse_klayout_xor_log.py -l /openLANE_flow/designs/dvsd_cmp/runs/vanshika_4bit_magnitude_comparator/logs/klayout/28-klayout.xor.log -o /openLANE_flow/designs/dvsd_cmp/runs/vanshika_4bit_magnitude_comparator/reports/klayout/28-klayout.xor.rpt"

Fri Aug 20 12:14:32 UTC 2021 - Executing "bash /openLANE_flow/scripts/klayout/xor.sh /openLANE_flow/designs/dvsd_cmp/runs/vanshika_4bit_magnitude_comparator/results/magic/dvsd_cmp.gds /openLANE_flow/designs/dvsd_cmp/runs/vanshika_4bit_magnitude_comparator/results/klayout/dvsd_cmp.gds dvsd_cmp /openLANE_flow/designs/dvsd_cmp/runs/vanshika_4bit_magnitude_comparator/results/klayout/dvsd_cmp.xor.xml |& tee >&@stdout /openLANE_flow/designs/dvsd_cmp/runs/vanshika_4bit_magnitude_comparator/logs/klayout/29-klayout.xor.log"

Fri Aug 20 12:14:36 UTC 2021 - Executing "openroad -python /openLANE_flow/scripts/parse_klayout_xor_log.py -l /openLANE_flow/designs/dvsd_cmp/runs/vanshika_4bit_magnitude_comparator/logs/klayout/29-klayout.xor.log -o /openLANE_flow/designs/dvsd_cmp/runs/vanshika_4bit_magnitude_comparator/reports/klayout/29-klayout.xor.rpt"

Fri Aug 20 12:14:37 UTC 2021 - Executing "magic -noconsole -dnull -rcfile /home/balakrishna/Desktop/vsdflow/work/tools/openlane_working_dir/openlane/pdks/sky130A/libs.tech/magic/sky130A.magicrc /openLANE_flow/designs/dvsd_cmp/runs/vanshika_4bit_magnitude_comparator/tmp/magic_spice.tcl </dev/null |& tee >&@stdout /openLANE_flow/designs/dvsd_cmp/runs/vanshika_4bit_magnitude_comparator/logs/magic/30-magic_spice.log"

Fri Aug 20 12:14:38 UTC 2021 - Executing "netgen -batch source /openLANE_flow/designs/dvsd_cmp/runs/vanshika_4bit_magnitude_comparator/tmp/lvs/setup_file.lef.lvs |& tee >&@stdout /openLANE_flow/designs/dvsd_cmp/runs/vanshika_4bit_magnitude_comparator/logs/lvs/31-lvs.lef.log"

Fri Aug 20 12:14:38 UTC 2021 - Executing "magic -noconsole -dnull -rcfile /home/balakrishna/Desktop/vsdflow/work/tools/openlane_working_dir/openlane/pdks/sky130A/libs.tech/magic/sky130A.magicrc /openLANE_flow/scripts/magic/drc.tcl </dev/null |& tee >&@stdout /openLANE_flow/designs/dvsd_cmp/runs/vanshika_4bit_magnitude_comparator/logs/magic/32-magic.drc.log"

Fri Aug 20 12:14:39 UTC 2021 - Executing "openroad -python /openLANE_flow/scripts/magic_drc_to_tcl.py -i /openLANE_flow/designs/dvsd_cmp/runs/vanshika_4bit_magnitude_comparator/reports/magic/32-magic.drc -o /openLANE_flow/designs/dvsd_cmp/runs/vanshika_4bit_magnitude_comparator/reports/magic/32-magic.drc.tcl"

Fri Aug 20 12:14:41 UTC 2021 - Executing "openroad -python /openLANE_flow/scripts/magic_drc_to_tr_drc.py -i /openLANE_flow/designs/dvsd_cmp/runs/vanshika_4bit_magnitude_comparator/reports/magic/32-magic.drc -o /openLANE_flow/designs/dvsd_cmp/runs/vanshika_4bit_magnitude_comparator/reports/magic/32-magic.tr.drc"

Fri Aug 20 12:14:42 UTC 2021 - Executing "openroad -python /openLANE_flow/scripts/tr2klayout.py -i /openLANE_flow/designs/dvsd_cmp/runs/vanshika_4bit_magnitude_comparator/reports/magic/32-magic.tr.drc -o /openLANE_flow/designs/dvsd_cmp/runs/vanshika_4bit_magnitude_comparator/reports/magic/32-magic.drc.klayout.xml --design-name dvsd_cmp"

Fri Aug 20 12:14:44 UTC 2021 - Executing "openroad -python /openLANE_flow/scripts/magic_drc_to_rdb.py --magic_drc_in /openLANE_flow/designs/dvsd_cmp/runs/vanshika_4bit_magnitude_comparator/reports/magic/32-magic.drc --rdb_out /openLANE_flow/designs/dvsd_cmp/runs/vanshika_4bit_magnitude_comparator/reports/magic/32-magic.drc.rdb"

Fri Aug 20 12:14:45 UTC 2021 - Executing "openroad -exit /openLANE_flow/scripts/openroad/or_antenna_check.tcl |& tee >&@stdout /openLANE_flow/designs/dvsd_cmp/runs/vanshika_4bit_magnitude_comparator/logs/routing/33-or_antenna.log"

Fri Aug 20 12:14:47 UTC 2021 - Executing "mv -f /openLANE_flow/designs/dvsd_cmp/runs/vanshika_4bit_magnitude_comparator/reports/routing/antenna.rpt /openLANE_flow/designs/dvsd_cmp/runs/vanshika_4bit_magnitude_comparator/reports/routing/34-antenna.rpt"

Fri Aug 20 12:14:47 UTC 2021 - Executing "awk { BEGIN {  # Print power and standard_input definitions
    print "VPWR power 1.8";
    print "VGND power 0.0";
    print "#define std_input min@VGND max@VPWR";
}
$1 == "input" {  # Print input nets
    gsub(/;/, "");
    if ( $2 == "VPWR" || $2 == "VGND" ) {  # ignore power nets
        next;
    }
    if ( NF == 3 ) {  # print buses as net[range]
        $2 = $3 $2;
    }
    print $2, "input std_input";
}} /openLANE_flow/designs/dvsd_cmp/runs/vanshika_4bit_magnitude_comparator/results/lvs/dvsd_cmp.lvs.powered.v > /openLANE_flow/designs/dvsd_cmp/runs/vanshika_4bit_magnitude_comparator/results/cvc/dvsd_cmp.power"

Fri Aug 20 12:14:47 UTC 2021 - Executing "awk { /Black-box entry subcircuit/ {  # remove black-box defintions
    while ( $1 != ".ends" ) {
        getline;
    }
    getline;
}
/^\*/ {  # remove comments
    next;
}
/^.ENDS .*/ {  # remove name from ends lines
    print $1;
    next;
}
 {
    print $0;
}} /home/balakrishna/Desktop/vsdflow/work/tools/openlane_working_dir/openlane/pdks/sky130A/libs.ref/sky130_fd_sc_hd/cdl/sky130_fd_sc_hd.cdl /openLANE_flow/designs/dvsd_cmp/runs/vanshika_4bit_magnitude_comparator/results/magic/dvsd_cmp.lef.spice > /openLANE_flow/designs/dvsd_cmp/runs/vanshika_4bit_magnitude_comparator/results/cvc/dvsd_cmp.cdl"

Fri Aug 20 12:14:47 UTC 2021 - Executing "cvc /openLANE_flow/scripts/cvc/sky130A/cvcrc.sky130A |& tee >&@stdout /openLANE_flow/designs/dvsd_cmp/runs/vanshika_4bit_magnitude_comparator/logs/cvc/35-cvc_screen.log"

Fri Aug 20 12:14:47 UTC 2021 - Executing "openroad -python /openLANE_flow/report_generation_wrapper.py -d /openLANE_flow/designs/dvsd_cmp -dn dvsd_cmp -t vanshika_4bit_magnitude_comparator -o /openLANE_flow/designs/dvsd_cmp/runs/vanshika_4bit_magnitude_comparator/reports/final_summary_report.csv -m /openLANE_flow/designs/dvsd_cmp/runs/vanshika_4bit_magnitude_comparator/reports/manufacturability_report.rpt -rs /openLANE_flow/designs/dvsd_cmp/runs/vanshika_4bit_magnitude_comparator/reports/runtime_summary_report.rpt -r /openLANE_flow/designs/dvsd_cmp/runs/vanshika_4bit_magnitude_comparator"

