OpenROAD 1 f0e6c04818f120fcd15c29735a398d3cd420bd78
This program is licensed under the BSD-3 license. See the LICENSE file for details.
Components of this program may be licensed under more restrictive licenses which must be honored.
[INFO ODB-0222] Reading LEF file: /openLANE_flow/designs/dvsd_cmp/runs/vanshika_4bit_magnitude_comparator/tmp/merged_unpadded.lef
[WARNING ODB-0220] WARNING (LEFPARS-2036): SOURCE statement is obsolete in version 5.6 and later.
The LEF parser will ignore this statement.
To avoid this warning in the future, remove this statement from the LEF file with version 5.6 or later. See file /openLANE_flow/designs/dvsd_cmp/runs/vanshika_4bit_magnitude_comparator/tmp/merged_unpadded.lef at line 794.

[INFO ODB-0223]     Created 13 technology layers
[INFO ODB-0224]     Created 25 technology vias
[INFO ODB-0225]     Created 441 library cells
[INFO ODB-0226] Finished LEF file:  /openLANE_flow/designs/dvsd_cmp/runs/vanshika_4bit_magnitude_comparator/tmp/merged_unpadded.lef
[INFO ODB-0127] Reading DEF file: /openLANE_flow/designs/dvsd_cmp/runs/vanshika_4bit_magnitude_comparator/tmp/floorplan/6-pdn.def
[INFO ODB-0128] Design: dvsd_cmp
[INFO ODB-0130]     Created 13 pins.
[INFO ODB-0131]     Created 50 components and 226 component-terminals.
[INFO ODB-0132]     Created 2 special nets and 174 connections.
[INFO ODB-0133]     Created 23 nets and 52 connections.
[INFO ODB-0134] Finished DEF file: /openLANE_flow/designs/dvsd_cmp/runs/vanshika_4bit_magnitude_comparator/tmp/floorplan/6-pdn.def
[INFO GPL-0002] DBU: 1000
[INFO GPL-0003] SiteSize: 460 2720
[INFO GPL-0004] CoreAreaLxLy: 5520 10880
[INFO GPL-0005] CoreAreaUxUy: 37720 40800
[INFO GPL-0006] NumInstances: 50
[INFO GPL-0007] NumPlaceInstances: 15
[INFO GPL-0008] NumFixedInstances: 35
[INFO GPL-0009] NumDummyInstances: 0
[INFO GPL-0010] NumNets: 23
[INFO GPL-0011] NumPins: 63
[INFO GPL-0012] DieAreaLxLy: 0 0
[INFO GPL-0013] DieAreaUxUy: 43650 54370
[INFO GPL-0014] CoreAreaLxLy: 5520 10880
[INFO GPL-0015] CoreAreaUxUy: 37720 40800
[INFO GPL-0016] CoreArea: 963424000
[INFO GPL-0017] NonPlaceInstsArea: 98844800
[INFO GPL-0018] PlaceInstsArea: 106352000
[INFO GPL-0019] Util(%): 12.30
[INFO GPL-0020] StdInstsArea: 106352000
[INFO GPL-0021] MacroInstsArea: 0
[InitialPlace]  Iter: 1 CG Error: 0.00000005 HPWL: 643410
[InitialPlace]  Iter: 2 CG Error: 0.00000006 HPWL: 526696
[InitialPlace]  Iter: 3 CG Error: 0.00000012 HPWL: 526731
[InitialPlace]  Iter: 4 CG Error: 0.00000009 HPWL: 526690
[InitialPlace]  Iter: 5 CG Error: 0.00000007 HPWL: 526973
[INFO GPL-0031] FillerInit: NumGCells: 89
[INFO GPL-0032] FillerInit: NumGNets: 23
[INFO GPL-0033] FillerInit: NumGPins: 63
[INFO GPL-0023] TargetDensity: 0.70
[INFO GPL-0024] AveragePlaceInstArea: 7090133
[INFO GPL-0025] IdealBinArea: 10128762
[INFO GPL-0026] IdealBinCnt: 95
[INFO GPL-0027] TotalBinArea: 963424000
[INFO GPL-0028] BinCnt: 8 8
[INFO GPL-0029] BinSize: 4025 3740
[INFO GPL-0030] NumBins: 64
[NesterovSolve] Iter: 1 overflow: 0.305962 HPWL: 435590
[INFO GPL-0100] worst slack 1e+30
[WARNING GPL-0102] No slacks found. Timing-driven mode disabled.
[NesterovSolve] Snapshot saved at iter = 0
[NesterovSolve] Iter: 10 overflow: 0.316165 HPWL: 416082
[NesterovSolve] Iter: 20 overflow: 0.307676 HPWL: 416932
[NesterovSolve] Iter: 30 overflow: 0.314287 HPWL: 416109
[NesterovSolve] Iter: 40 overflow: 0.321482 HPWL: 417109
[NesterovSolve] Iter: 50 overflow: 0.314296 HPWL: 414952
[NesterovSolve] Iter: 60 overflow: 0.316687 HPWL: 416856
[NesterovSolve] Iter: 70 overflow: 0.315212 HPWL: 416188
[NesterovSolve] Iter: 80 overflow: 0.319783 HPWL: 416665
[NesterovSolve] Iter: 90 overflow: 0.319124 HPWL: 416218
[NesterovSolve] Iter: 100 overflow: 0.318742 HPWL: 416515
[NesterovSolve] Iter: 110 overflow: 0.319687 HPWL: 416390
[NesterovSolve] Iter: 120 overflow: 0.31923 HPWL: 416454
[NesterovSolve] Iter: 130 overflow: 0.320582 HPWL: 416519
[NesterovSolve] Iter: 140 overflow: 0.319817 HPWL: 416629
[NesterovSolve] Iter: 150 overflow: 0.321095 HPWL: 416815
[NesterovSolve] Iter: 160 overflow: 0.320642 HPWL: 416803
[NesterovSolve] Iter: 170 overflow: 0.321108 HPWL: 417031
[NesterovSolve] Iter: 180 overflow: 0.320467 HPWL: 417045
[NesterovSolve] Iter: 190 overflow: 0.319469 HPWL: 417045
[NesterovSolve] Iter: 200 overflow: 0.319544 HPWL: 417152
[NesterovSolve] Iter: 210 overflow: 0.319367 HPWL: 417230
[NesterovSolve] Iter: 220 overflow: 0.317441 HPWL: 417284
[NesterovSolve] Iter: 230 overflow: 0.314697 HPWL: 417327
[NesterovSolve] Iter: 240 overflow: 0.312477 HPWL: 417499
[NesterovSolve] Iter: 250 overflow: 0.30807 HPWL: 417795
[NesterovSolve] Iter: 260 overflow: 0.300356 HPWL: 418502
[NesterovSolve] Iter: 270 overflow: 0.288968 HPWL: 419571
[NesterovSolve] Iter: 280 overflow: 0.270142 HPWL: 421195
[NesterovSolve] Iter: 290 overflow: 0.259825 HPWL: 421307
[NesterovSolve] Iter: 300 overflow: 0.237611 HPWL: 421760
[NesterovSolve] Iter: 310 overflow: 0.225056 HPWL: 419319
[INFO GPL-0075] Routability numCall: 1 inflationIterCnt: 1 bloatIterCnt: 0
[INFO GRT-0020] Min routing layer: li1
[INFO GRT-0021] Max routing layer: met5
[INFO GRT-0022] Global adjustment: 0%
[INFO GRT-0023] Grid origin: (0, 0)
[WARNING GRT-0043] No OR_DEFAULT vias defined.
[INFO GRT-0224] Chose via L1M1_PR as default.
[INFO GRT-0224] Chose via M1M2_PR as default.
[INFO GRT-0224] Chose via M2M3_PR as default.
[INFO GRT-0224] Chose via M3M4_PR as default.
[INFO GRT-0224] Chose via M4M5_PR as default.
[INFO GRT-0088] Layer li1     Track-Pitch = 0.4600  line-2-Via Pitch: 0.3400
[INFO GRT-0088] Layer met1    Track-Pitch = 0.3400  line-2-Via Pitch: 0.3400
[INFO GRT-0088] Layer met2    Track-Pitch = 0.4600  line-2-Via Pitch: 0.3500
[INFO GRT-0088] Layer met3    Track-Pitch = 0.6800  line-2-Via Pitch: 0.6150
[INFO GRT-0088] Layer met4    Track-Pitch = 0.9200  line-2-Via Pitch: 1.0400
[INFO GRT-0088] Layer met5    Track-Pitch = 3.4000  line-2-Via Pitch: 3.1100
[INFO GRT-0003] Macros: 0
[INFO GRT-0004] Blockages: 711
[INFO GRT-0019] Found 0 clock nets.
[INFO GRT-0001] Minimum degree: 2
[INFO GRT-0002] Maximum degree: 4
[INFO GRT-0017] Processing 491 blockages on layer li1.
[INFO GRT-0017] Processing 112 blockages on layer met1.
[INFO GRT-0017] Processing 5 blockages on layer met4.
[INFO GRT-0017] Processing 5 blockages on layer met5.

[INFO GRT-0053] Routing resources analysis:
          Routing      Original      Derated      Resource
Layer     Direction    Resources     Resources    Reduction (%)
---------------------------------------------------------------
li1        Vertical          630           535          15.08%
met1       Horizontal        840           686          18.33%
met2       Vertical          630           558          11.43%
met3       Horizontal        420           385          8.33%
met4       Vertical          252           214          15.08%
met5       Horizontal         84            70          16.67%
---------------------------------------------------------------

[INFO GRT-0111] Final number of vias: 26
[INFO GRT-0112] Final usage 3D: 114

[INFO GRT-0096] Final congestion report:
Layer         Resource        Demand        Usage (%)    Max H / Max V / Total Overflow
---------------------------------------------------------------------------------------
li1                535            18            3.36%             0 /  0 /  0
met1               686            18            2.62%             0 /  0 /  0
met2               558             0            0.00%             0 /  0 /  0
met3               385             0            0.00%             0 /  0 /  0
met4               214             0            0.00%             0 /  0 /  0
met5                70             0            0.00%             0 /  0 /  0
---------------------------------------------------------------------------------------
Total             2448            36            1.47%             0 /  0 /  0

[INFO GRT-0018] Total wirelength: 669 um
[INFO GPL-0036] TileLxLy: 0 0
[INFO GPL-0037] TileSize: 6900 6900
[INFO GPL-0038] TileCnt: 6 8
[INFO GPL-0039] numRoutingLayers: 6
[INFO GPL-0040] NumTiles: 48
[INFO GPL-0063] TotalRouteOverflowH2: 0.0
[INFO GPL-0064] TotalRouteOverflowV2: 0.0
[INFO GPL-0065] OverflowTileCnt2: 0
[INFO GPL-0066] 0.5%RC: 0.550000011920929
[INFO GPL-0067] 1.0%RC: 0.550000011920929
[INFO GPL-0068] 2.0%RC: 0.5250000059604645
[INFO GPL-0069] 5.0%RC: 0.5100000023841857
[INFO GPL-0070] 0.5rcK: 1.0
[INFO GPL-0071] 1.0rcK: 1.0
[INFO GPL-0072] 2.0rcK: 0.0
[INFO GPL-0073] 5.0rcK: 0.0
[INFO GPL-0074] FinalRC: 0.55
[NesterovSolve] Iter: 320 overflow: 0.184603 HPWL: 421250
[NesterovSolve] Iter: 330 overflow: 0.147722 HPWL: 422277
[NesterovSolve] Iter: 340 overflow: 0.123664 HPWL: 422782
[NesterovSolve] Finished with Overflow: 0.094739
create_clock [get_ports $::env(CLOCK_PORT)]  -name $::env(CLOCK_PORT)  -period $::env(CLOCK_PERIOD)
set input_delay_value [expr $::env(CLOCK_PERIOD) * $::env(IO_PCT)]
set output_delay_value [expr $::env(CLOCK_PERIOD) * $::env(IO_PCT)]
puts "\[INFO\]: Setting output delay to: $output_delay_value"
[INFO]: Setting output delay to: 2.0
puts "\[INFO\]: Setting input delay to: $input_delay_value"
[INFO]: Setting input delay to: 2.0
set_max_fanout $::env(SYNTH_MAX_FANOUT) [current_design]
set clk_indx [lsearch [all_inputs] [get_port $::env(CLOCK_PORT)]]
#set rst_indx [lsearch [all_inputs] [get_port resetn]]
set all_inputs_wo_clk [lreplace [all_inputs] $clk_indx $clk_indx]
#set all_inputs_wo_clk_rst [lreplace $all_inputs_wo_clk $rst_indx $rst_indx]
set all_inputs_wo_clk_rst $all_inputs_wo_clk
# correct resetn
set_input_delay $input_delay_value  -clock [get_clocks $::env(CLOCK_PORT)] $all_inputs_wo_clk_rst
#set_input_delay 0.0 -clock [get_clocks $::env(CLOCK_PORT)] {resetn}
set_output_delay $output_delay_value  -clock [get_clocks $::env(CLOCK_PORT)] [all_outputs]
# TODO set this as parameter
set_driving_cell -lib_cell $::env(SYNTH_DRIVING_CELL) -pin $::env(SYNTH_DRIVING_CELL_PIN) [all_inputs]
set cap_load [expr $::env(SYNTH_CAP_LOAD) / 1000.0]
puts "\[INFO\]: Setting load to: $cap_load"
[INFO]: Setting load to: 0.01765
set_load  $cap_load [all_outputs]
timing_report
No paths found.
timing_report_end
min_max_report
No paths found.
min_max_report_end
check_report
No paths found.
check_report_end
wns 0.00
tns 0.00
